C:\Program Files\Microsoft Visual Studio\2022\Community\MSBuild\Microsoft\VC\v170\Microsoft.CppBuild.targets(531,5): warning MSB8028: 중간 디렉터리(x64\Debug\)에 다른 프로젝트(study.vcxproj)에서 공유하는 파일이 포함되어 있습니다.  이로 인해 잘못된 정리 및 다시 빌드 동작이 수행될 수 있습니다.
  Board.cpp
  Common.cpp
  Data.cpp
  Game.cpp
  Ghost.cpp
  Goblin.cpp
  Input.cpp
  Inventory.cpp
  Item.cpp
  Monster.cpp
  NPC.cpp
  Object.cpp
  Player.cpp
  main.cpp
  Quest.cpp
  QuestNPC.cpp
  Skill.cpp
  StoreNPC.cpp
  Timer.cpp
  코드를 생성하고 있습니다...
  study.vcxproj -> C:\Users\admin\Documents\GitHub\winter_study\x64\Debug\winter_study.exe
